Note: Line numbers for system and library calls may be incorrect 
Begin traceback...
Called from [func: (null)], at 0xef713c4c, args=0x2 0x0 0xef7dea3c 0xef804418
Called from [func: (null)], at 0xef71cac0, args=0x0 0x2418f0 0x80 0x89
Called from [func: (null)], at 0xef78efc8, args=0x33d58 0xffffffff 0x1 0xeffff32c
Called from [func: (null)], at 0xef7904c8, args=0xef78ef3c 0xeffff39c 0xeffff3b8 0xeffff398
Called from [func: (null)], at 0xef78f1e8, args=0x0 0x0 0x89 0xef7deaed
Called from [func: _MAIN_], at 0x2328, args=0x30e88 0x1 0x34050 0x4
Called from [func: (null)], at 0xef789c38, args=0x0 0x1 0x1 0x2e000000
Called from [func: start], at 0x2064, args=0x0 0x10 0xeffff994 0x30000
End traceback...
Note: Line numbers for system and library calls may be incorrect 
Begin traceback...
Called from [func: (null)], at 0xef713c4c, args=0x2 0x0 0xef7dea3c 0xef804418
Called from [func: (null)], at 0xef71cac0, args=0x0 0x2418a8 0x80 0x1
Called from [func: (null)], at 0xef78efc8, args=0x33d28 0xffffffff 0x0 0x0
Called from [func: (null)], at 0xef78f19c, args=0xef78ef3c 0xf06f8fb4 0xef78f0f8 0x344
Called from [func: _MAIN_], at 0x22e8, args=0x30e80 0x1 0x34024 0x4
Called from [func: (null)], at 0xef789c38, args=0x0 0x1 0x1 0x2e000000
Called from [func: start], at 0x2064, args=0x0 0x10 0xeffff994 0x30000
End traceback...
Note: Line numbers for system and library calls may be incorrect 
Begin traceback...
Called from [func: (null)], at 0xef713c4c, args=0x2 0x0 0xef7dea3c 0xef804418
Called from [func: (null)], at 0xef71cac0, args=0x0 0x241928 0x80 0x1
Called from [func: (null)], at 0xef78efc8, args=0x33da8 0xffffffff 0x0 0x0
Called from [func: (null)], at 0xef78f19c, args=0xef78ef3c 0xf06f8fb4 0xef78f0f8 0x344
Called from [func: _MAIN_], at 0x22e8, args=0x30e80 0x1 0x340a4 0x4
Called from [func: (null)], at 0xef789c38, args=0x0 0x1 0x1 0x2e000000
Called from [func: start], at 0x2064, args=0x0 0x10 0xeffff994 0x30000
End traceback...
Note: Line numbers for system and library calls may be incorrect 
Begin traceback...
Called from [func: (null)], at 0xef713c4c, args=0x2 0x0 0xef7dea3c 0xef804418
Called from [func: (null)], at 0xef71cac0, args=0x0 0x241928 0x80 0x1
Called from [func: (null)], at 0xef78efc8, args=0x33da8 0xffffffff 0x0 0x0
Called from [func: (null)], at 0xef78f19c, args=0xef78ef3c 0xf06f8fb4 0xef78f0f8 0x344
Called from [func: _MAIN_], at 0x22e8, args=0x30e80 0x1 0x340a4 0x4
Called from [func: (null)], at 0xef789c38, args=0x0 0x1 0x1 0x2e000000
Called from [func: start], at 0x2064, args=0x0 0x10 0xeffff994 0x30000
End traceback...
Note: Line numbers for system and library calls may be incorrect 
Begin traceback...
Called from [func: (null)], at 0xef713c4c, args=0x2 0x0 0xef7dea3c 0xef804418
Called from [func: (null)], at 0xef71cac0, args=0x0 0x241928 0x80 0x89
Called from [func: (null)], at 0xef78efc8, args=0x33da8 0xffffffff 0x0 0x0
Called from [func: (null)], at 0xef78f19c, args=0xef78ef3c 0xf06f8fb4 0xef78f0f8 0x344
Called from [func: _MAIN_], at 0x22e8, args=0xa 0x1 0x340a4 0x4
Called from [func: (null)], at 0xef789c38, args=0x0 0x1 0x1 0x2e000000
Called from [func: start], at 0x2064, args=0x0 0x10 0xeffff994 0x30000
End traceback...
Note: Line numbers for system and library calls may be incorrect 
Begin traceback...
Called from [func: (null)], at 0xef713c4c, args=0x2 0x0 0xef7dea3c 0xef804418
Called from [func: (null)], at 0x20, args=0x93 0x23b4f0 0x23b510 0x20
Called from [func: _firstder_], at 0x5b14, args=0x23b568 0x23b588 0x20 0x23c530
Called from [func: _getmode_], at 0x4870, args=0x3401c 0x1e28b0 0x20a3b0 0x1e28b0
Called from [func: _MAIN_], at 0x2594, args=0x8 0x20a358 0x20a360 0x3400c
Called from [func: (null)], at 0xef789c38, args=0x0 0x1 0x1 0x2e000000
Called from [func: start], at 0x2064, args=0x0 0x10 0xeffff994 0x30000
End traceback...
Note: Line numbers for system and library calls may be incorrect 
Begin traceback...
Called from [func: (null)], at 0xef713c4c, args=0x2 0x0 0xef7dea3c 0xef804418
Called from [func: (null)], at 0xef71cac0, args=0x0 0x2418b8 0x80 0x1
Called from [func: (null)], at 0xef78efc8, args=0x33d28 0xffffffff 0x0 0x0
Called from [func: (null)], at 0xef78f19c, args=0xef78ef3c 0xf072afb4 0xef78f0f8 0x344
Called from [func: _MAIN_], at 0x22e8, args=0x30e80 0x1 0x34024 0x4
Called from [func: (null)], at 0xef789c38, args=0x0 0x1 0x1 0x2e000000
Called from [func: start], at 0x2064, args=0x0 0x10 0xeffff994 0x30000
End traceback...
Note: Line numbers for system and library calls may be incorrect 
Begin traceback...
Called from [func: (null)], at 0xef713c4c, args=0x2 0x0 0xef7dea3c 0xef804418
Called from [func: (null)], at 0x20, args=0x1d0 0x23b594 0x3a0 0x2395b0
Called from [func: _firstder_], at 0x5b6c, args=0x23b568 0x23b588 0x20 0x23c530
Called from [func: _getmode_], at 0x4870, args=0x3401c 0x1e28b0 0x20a3b0 0x1e28b0
Called from [func: _MAIN_], at 0x2594, args=0x8 0x20a358 0x20a360 0x3400c
Called from [func: (null)], at 0xef789c38, args=0x0 0x1 0x1 0x2e000000
Called from [func: start], at 0x2064, args=0x0 0x10 0xeffff994 0x30000
End traceback...
Note: Line numbers for system and library calls may be incorrect 
Begin traceback...
Called from [func: (null)], at 0xef713c4c, args=0x2 0x0 0xef7dea3c 0xef804418
Called from [func: (null)], at 0x18, args=0x20 0x23b528 0x23b548 0x20
Called from [func: _seconder_], at 0x5d8c, args=0x23b5a0 0x23b5b8 0x18 0x23c568
Called from [func: _getmode_], at 0x4884, args=0x34008 0x34258 0x0 0x0
Called from [func: _MAIN_], at 0x2594, args=0x8 0x20a390 0x20a398 0x34044
Called from [func: (null)], at 0xef789c38, args=0x0 0x1 0x1 0x2e000000
Called from [func: start], at 0x2064, args=0x0 0x10 0xeffff994 0x30000
End traceback...
Note: Line numbers for system and library calls may be incorrect 
Begin traceback...
Called from [func: (null)], at 0xef713c4c, args=0x2 0x0 0xef7dea3c 0xef804418
Called from [func: (null)], at 0xef714b28, args=0x5 0x241a58 0x5 0x0
Called from [func: (null)], at 0xef7148fc, args=0x33e4c 0x82 0x20008001 0x241a58
Called from [func: (null)], at 0xef7c72a8, args=0xa 0x33e4c 0x0 0x5
Called from [func: (null)], at 0xef7c81e0, args=0xa 0x20000000 0xeffff580 0xa
Called from [func: (null)], at 0xef7c7b00, args=0x0 0x0 0x0 0xef7e9db4
Called from [func: _poster_], at 0x8bb4, args=0x0 0x23966c 0x0 0xef7e9db4
Called from [func: _seconder_], at 0x5d8c, args=0x23b690 0x18 0x23c640 0x23c658
Called from [func: _getmode_], at 0x4884, args=0x3412c 0x1e29c0 0x34138 0xef7e9db4
Called from [func: _MAIN_], at 0x2594, args=0x3412c 0x1e29c0 0x34138 0x3411c
Called from [func: (null)], at 0xef789c38, args=0x0 0x1 0x1 0x2e000000
Called from [func: start], at 0x2064, args=0x0 0x10 0xeffff994 0x30000
End traceback...
Note: Line numbers for system and library calls may be incorrect 
Begin traceback...
Called from [func: (null)], at 0xef713c4c, args=0x2 0x0 0xef7dea3c 0xef804418
Called from [func: (null)], at 0xef7181c8, args=0x0 0x40125401 0xeffff52c 0x5
Called from [func: (null)], at 0xef7c6e44, args=0x1 0x1 0xeffff588 0xef8068a8
Called from [func: (null)], at 0xef7c6f74, args=0xeffff728 0x1 0x0 0xef7e9db4
Called from [func: _poster_], at 0x8cc8, args=0x31468 0x23b600 0x23b610 0x10
Called from [func: _firstder_], at 0x5b6c, args=0x23b688 0x10 0x23c640 0x23c650
Called from [func: _getmode_], at 0x4870, args=0x3412c 0x1e29c0 0x20a4c0 0xef7e9db4
Called from [func: _MAIN_], at 0x2594, args=0x3412c 0x1e29c0 0x34138 0x3411c
Called from [func: (null)], at 0xef789c38, args=0x0 0x1 0x1 0x2e000000
Called from [func: start], at 0x2064, args=0x0 0x10 0xeffff994 0x30000
End traceback...
Note: Line numbers for system and library calls may be incorrect 
Begin traceback...
Called from [func: (null)], at 0xef713c4c, args=0x2 0x0 0xef7dea3c 0xef804418
Called from [func: (null)], at 0x20, args=0x20 0x23b5a0 0x23b5c0 0x20
Called from [func: _seconder_], at 0x5de4, args=0x23b618 0x23b638 0x20 0x23c5e0
Called from [func: _getmode_], at 0x4884, args=0x34080 0x342c8 0x0 0x0
Called from [func: _MAIN_], at 0x2594, args=0x8 0x20a408 0x20a410 0x340bc
Called from [func: (null)], at 0xef789c38, args=0x0 0x1 0x1 0x2e000000
Called from [func: start], at 0x2064, args=0x0 0x10 0xeffff994 0x30000
End traceback...
Note: Line numbers for system and library calls may be incorrect 
Begin traceback...
Called from [func: (null)], at 0xef713c4c, args=0x2 0x0 0xef7dea3c 0xef804418
Called from [func: (null)], at 0xef7181c8, args=0x0 0x40125401 0xeffff52c 0x6
Called from [func: (null)], at 0xef7c6e44, args=0x1 0x1 0x31380 0xef8068a8
Called from [func: (null)], at 0xef7c6f74, args=0xeffff728 0x1 0x0 0xef7e9db4
Called from [func: _poster_], at 0x8a30, args=0x31468 0x0 0x23b670 0x28
Called from [func: _firstder_], at 0x5b6c, args=0x23b670 0x1e2990 0x1e2988 0x18
Called from [func: _getmode_], at 0x4870, args=0x340fc 0x1e2990 0x20a490 0x1e2990
Called from [func: _MAIN_], at 0x2594, args=0x8 0x20a438 0x20a440 0x340ec
Called from [func: (null)], at 0xef789c38, args=0x0 0x1 0x1 0x2e000000
Called from [func: start], at 0x2064, args=0x0 0x10 0xeffff994 0x30000
End traceback...
Note: Line numbers for system and library calls may be incorrect 
Begin traceback...
Called from [func: (null)], at 0xef713c4c, args=0x2 0x0 0xef7dea3c 0xef804418
Called from [func: (null)], at 0xef7181c8, args=0x0 0x40125401 0xeffff524 0x6
Called from [func: (null)], at 0xef7c6e44, args=0x1 0x1 0x31380 0xef8068a8
Called from [func: (null)], at 0xef7c6f74, args=0xeffff720 0x1 0x25ff0 0x0
Called from [func: _poster_], at 0x8a30, args=0x31468 0xff41a240 0x23b670 0x28
Called from [func: _seconder_], at 0x5e3c, args=0x23b670 0x1e2990 0x1e2988 0x18
Called from [func: _getmode_], at 0x4884, args=0x340b0 0x342f0 0x0 0x0
Called from [func: _MAIN_], at 0x2594, args=0x340fc 0x1e2990 0x34108 0x340ec
Called from [func: (null)], at 0xef789c38, args=0x0 0x1 0x1 0x2e000000
Called from [func: start], at 0x2064, args=0x0 0x10 0xeffff994 0x30000
End traceback...
Note: Line numbers for system and library calls may be incorrect 
Begin traceback...
Called from [func: (null)], at 0xef713c4c, args=0x2 0x0 0xef7dea3c 0xef804418
Called from [func: (null)], at 0xef7181c8, args=0x0 0x40125401 0xeffff524 0xf053791c
Called from [func: (null)], at 0xef7c6e44, args=0x1 0x1 0x0 0xef8068a8
Called from [func: (null)], at 0xef7c6f74, args=0xeffff720 0x1 0x2f11e47a 0x0
Called from [func: _poster_], at 0x89dc, args=0x313f8 0x0 0x23b5f0 0x28
Called from [func: _seconder_], at 0x5de4, args=0x23b5f0 0x1e2910 0x1e2908 0x20
Called from [func: _getmode_], at 0x4884, args=0x34030 0x34268 0x0 0x0
Called from [func: _MAIN_], at 0x2594, args=0x8 0x20a3b8 0x20a3c0 0x3406c
Called from [func: (null)], at 0xef789c38, args=0x0 0x1 0x1 0x2e000000
Called from [func: start], at 0x2064, args=0x0 0x10 0xeffff994 0x30000
End traceback...
Note: Line numbers for system and library calls may be incorrect 
Begin traceback...
Called from [func: (null)], at 0xef713c4c, args=0x2 0x0 0xef7dea3c 0xef804418
Called from [func: _SVID_libm_err], at 0x2a68c, args=0x10 0x33abb 0x10 0x20008001
Called from [func: _log], at 0x25d78, args=0x0 0x0 0x0 0x0
Called from [func: _poster_], at 0x8994, args=0x0 0x0 0x23b5d0 0x8
Called from [func: _firstder_], at 0x5b14, args=0x23b5d0 0x1e2910 0x20 0x1e2928
Called from [func: _getmode_], at 0x4870, args=0x3407c 0x1e2910 0x20a410 0x1e2910
Called from [func: _MAIN_], at 0x2594, args=0x3407c 0x1e2910 0x34088 0x3406c
Called from [func: (null)], at 0xef789c38, args=0x0 0x1 0x1 0x2e000000
Called from [func: start], at 0x2064, args=0x0 0x10 0xeffff994 0x30000
End traceback...
Note: Line numbers for system and library calls may be incorrect 
Begin traceback...
Called from [func: (null)], at 0xef713c4c, args=0x2 0x0 0xef7dea3c 0xef804418
Called from [func: (null)], at 0x18, args=0x18 0x23b568 0x23b580 0x18
Called from [func: _seconder_], at 0x5e94, args=0x23b5f8 0x18 0x23c5a8 0x23c5c0
Called from [func: _getmode_], at 0x4884, args=0x34048 0x34280 0x0 0x0
Called from [func: _MAIN_], at 0x2594, args=0x8 0x20a3d0 0x20a3d8 0x34084
Called from [func: (null)], at 0xef789c38, args=0x0 0x1 0x1 0x2e000000
Called from [func: start], at 0x2064, args=0x0 0x10 0xeffff994 0x30000
End traceback...
Note: Line numbers for system and library calls may be incorrect 
Begin traceback...
Called from [func: (null)], at 0xef713c4c, args=0x2 0x0 0xef7dea3c 0xef804418
Called from [func: _etext], at 0x23ab20, args=0x390 0x2a8 0x23bde4 0xaa
Called from [func: _seconder_], at 0x5d8c, args=0x4 0x20 0x23b5e8 0x23b608
Called from [func: _getmode_], at 0x4884, args=0x34050 0x34288 0x0 0x0
Called from [func: _MAIN_], at 0x2594, args=0x8 0x20a3d8 0x20a3e0 0x3408c
Called from [func: (null)], at 0xef789c38, args=0x0 0x1 0x1 0x2e000000
Called from [func: start], at 0x2064, args=0x0 0x10 0xeffff994 0x30000
End traceback...
Note: Line numbers for system and library calls may be incorrect 
Begin traceback...
Called from [func: (null)], at 0xef713c4c, args=0x2 0x0 0xef7dea3c 0xef804418
Called from [func: _etext], at 0x23abd8, args=0x31400 0x2f8 0x23bdfc 0xbe
Called from [func: _seconder_], at 0x5e3c, args=0x4 0x20 0x23b600 0x23b620
Called from [func: _getmode_], at 0x4884, args=0x34068 0x342a8 0x0 0x0
Called from [func: _MAIN_], at 0x2594, args=0x8 0x20a3f0 0x20a3f8 0x340a4
Called from [func: (null)], at 0xef789c38, args=0x0 0x1 0x1 0x2e000000
Called from [func: start], at 0x2064, args=0x0 0x10 0xeffff994 0x30000
End traceback...
Note: Line numbers for system and library calls may be incorrect 
Begin traceback...
Called from [func: (null)], at 0xef713c4c, args=0x2 0x0 0xef7dea3c 0xef804418
Called from [func: _etext], at 0x23ae50, args=0x4 0x20 0x23b588 0x23b5a8
Called from [func: _firstder_], at 0x5b14, args=0x4 0x20 0x23b600 0x23b620
Called from [func: _getmode_], at 0x4870, args=0x340b4 0x1e2948 0x20a448 0x1e2948
Called from [func: _MAIN_], at 0x2594, args=0x8 0x20a3f0 0x20a3f8 0x340a4
Called from [func: (null)], at 0xef789c38, args=0x0 0x1 0x1 0x2e000000
Called from [func: start], at 0x2064, args=0x0 0x10 0xeffff994 0x30000
End traceback...
Note: Line numbers for system and library calls may be incorrect 
Begin traceback...
Called from [func: (null)], at 0xef713c4c, args=0x2 0x0 0xef7dea3c 0xef804418
Called from [func: _etext], at 0x23a700, args=0x23 0x8c 0x23bdfc 0x23
Called from [func: _seconder_], at 0x5e94, args=0x3 0x18 0x23b600 0x23b618
Called from [func: _getmode_], at 0x4884, args=0x34068 0x342a0 0x0 0x0
Called from [func: _MAIN_], at 0x2594, args=0x8 0x20a3f0 0x20a3f8 0x340a4
Called from [func: (null)], at 0xef789c38, args=0x0 0x1 0x1 0x2e000000
Called from [func: start], at 0x2064, args=0x0 0x10 0xeffff994 0x30000
End traceback...
Note: Line numbers for system and library calls may be incorrect 
Begin traceback...
Called from [func: (null)], at 0xef713c4c, args=0x2 0x0 0xef7dea3c 0xef804418
Called from [func: _etext], at 0x238bc0, args=0xdc 0x370 0x239cf4 0xdc
Called from [func: _seconder_], at 0x5d8c, args=0x2 0x10 0x2394f8 0x239508
Called from [func: _getmode_], at 0x4884, args=0x31fac 0x1e0840 0x31fb8 0x1e0840
Called from [func: _MAIN_], at 0x2594, args=0x8 0x2082e8 0x2082f0 0x31f9c
Called from [func: (null)], at 0xef789c38, args=0x0 0x1 0x1 0x2e000000
Called from [func: start], at 0x2064, args=0x0 0x10 0xeffff994 0x2e000
End traceback...
Note: Line numbers for system and library calls may be incorrect 
Begin traceback...
Called from [func: (null)], at 0xef713c4c, args=0x2 0x0 0xef7dea3c 0xef804418
Called from [func: (null)], at 0xef714b28, args=0x1 0x241a40 0x26 0x0
Called from [func: (null)], at 0xef7148fc, args=0x33e34 0x82 0xfffffffe 0x241a40
Called from [func: (null)], at 0xef7c72a8, args=0xa 0x33e34 0x0 0x26
Called from [func: (null)], at 0xef7c7fc0, args=0xa 0x1 0x1 0x3
Called from [func: (null)], at 0xef7c7b00, args=0x8 0x0 0x2 0xef7e9db4
Called from [func: _poster_], at 0x8758, args=0x7 0x1e29d8 0x2 0xef7e9db4
Called from [func: _seconder_], at 0x5e3c, args=0x34114 0x1e29a8 0x1e29a0 0x18
Called from [func: _getmode_], at 0x4884, args=0x340c8 0x34308 0x0 0x0
Called from [func: _MAIN_], at 0x2594, args=0x34114 0x1e29a8 0x34120 0x34104
Called from [func: (null)], at 0xef789c38, args=0x0 0x1 0x1 0x2e000000
Called from [func: start], at 0x2064, args=0x0 0x10 0xeffff994 0x30000
End traceback...
Note: Line numbers for system and library calls may be incorrect 
Begin traceback...
Called from [func: (null)], at 0xef713c4c, args=0x2 0x0 0xef7dea3c 0xef804418
Called from [func: (null)], at 0xef7181c8, args=0x0 0x40125401 0xeffff524 0xf0537b50
Called from [func: (null)], at 0xef7c6e44, args=0x1 0x1 0x0 0xef8068a8
Called from [func: (null)], at 0xef7c6f74, args=0xeffff720 0x1 0x2f11e6a2 0x0
Called from [func: _poster_], at 0x86e0, args=0x31490 0x6 0x31460 0x23b610
Called from [func: _seconder_], at 0x5de4, args=0x34114 0x1e29a8 0x1e29a0 0x30
Called from [func: _getmode_], at 0x4884, args=0x340c8 0x34300 0x0 0x0
Called from [func: _MAIN_], at 0x2594, args=0x34114 0x1e29a8 0x34120 0x34104
Called from [func: (null)], at 0xef789c38, args=0x0 0x1 0x1 0x2e000000
Called from [func: start], at 0x2064, args=0x0 0x10 0xeffff994 0x30000
End traceback...
Note: Line numbers for system and library calls may be incorrect 
Begin traceback...
Called from [func: (null)], at 0xef713c4c, args=0x2 0x0 0xef7dea3c 0xef804418
Called from [func: (null)], at 0xef714b28, args=0x36 0x241a40 0x36 0x0
Called from [func: (null)], at 0xef7148fc, args=0x33e34 0x82 0xffffffff 0x241a40
Called from [func: (null)], at 0xef7c72a8, args=0xa 0x33e34 0x0 0x36
Called from [func: (null)], at 0xef7c82b8, args=0xa 0x20000000 0x2 0x0
Called from [func: _poster_], at 0x872c, args=0x0 0x1e29c0 0x0 0xef7e9db0
Called from [func: _seconder_], at 0x5de4, args=0x34114 0x1e29a8 0x1e29a0 0x18
Called from [func: _getmode_], at 0x4884, args=0x34114 0x1e29a8 0x34120 0x1e29a8
Called from [func: _MAIN_], at 0x2594, args=0x34114 0x1e29a8 0x34120 0x34104
Called from [func: (null)], at 0xef789c38, args=0x0 0x1 0x1 0x2e000000
Called from [func: start], at 0x2064, args=0x0 0x10 0xeffff994 0x30000
End traceback...
Note: Line numbers for system and library calls may be incorrect 
Begin traceback...
Called from [func: (null)], at 0xef713c4c, args=0x2 0x0 0xef7dea3c 0xef804418
Called from [func: (null)], at 0xef714b28, args=0x1 0x241a40 0x36 0x0
Called from [func: (null)], at 0xef7148fc, args=0x33e34 0x82 0xfffffffe 0x241a40
Called from [func: (null)], at 0xef7c72a8, args=0xa 0x33e34 0x0 0x36
Called from [func: (null)], at 0xef7c81e0, args=0xa 0x20000000 0x1 0x3
Called from [func: (null)], at 0xef7c7b00, args=0x0 0x0 0x0 0xef7e9db4
Called from [func: _poster_], at 0x8758, args=0x7 0x1e29d8 0x0 0xef7e9db4
Called from [func: _seconder_], at 0x5e3c, args=0x34114 0x1e29a8 0x1e29a0 0x20
Called from [func: _getmode_], at 0x4884, args=0x340c8 0x34310 0x0 0x0
Called from [func: _MAIN_], at 0x2594, args=0x34114 0x1e29a8 0x34120 0x34104
Called from [func: (null)], at 0xef789c38, args=0x0 0x1 0x1 0x2e000000
Called from [func: start], at 0x2064, args=0x0 0x10 0xeffff994 0x30000
End traceback...
Note: Line numbers for system and library calls may be incorrect 
Begin traceback...
Called from [func: (null)], at 0xef713c4c, args=0x2 0x0 0xef7dea3c 0xef804418
Called from [func: (null)], at 0xef7181c8, args=0x0 0x40125401 0xeffff524 0x3c
Called from [func: (null)], at 0xef7c6e44, args=0x1 0x1 0x1 0xef8068a8
Called from [func: (null)], at 0xef7c6f74, args=0xeffff720 0x1 0x26210 0x0
Called from [func: _poster_], at 0x86e0, args=0x31490 0x6 0x31460 0x23b610
Called from [func: _seconder_], at 0x5d8c, args=0x34114 0x1e29a8 0x8 0x1e29a8
Called from [func: _getmode_], at 0x4884, args=0x34114 0x1e29a8 0x34120 0x1e29a8
Called from [func: _MAIN_], at 0x2594, args=0x34114 0x1e29a8 0x34120 0x34104
Called from [func: (null)], at 0xef789c38, args=0x0 0x1 0x1 0x2e000000
Called from [func: start], at 0x2064, args=0x0 0x10 0xeffff994 0x30000
End traceback...
Note: Line numbers for system and library calls may be incorrect 
Begin traceback...
Called from [func: (null)], at 0xef713c4c, args=0x2 0x0 0xef7dea3c 0xef804418
Called from [func: (null)], at 0xef7181c8, args=0x0 0x40125401 0xeffff524 0x46
Called from [func: (null)], at 0xef7c6e44, args=0x1 0x1 0x5 0xef8068a8
Called from [func: (null)], at 0xef7c6f74, args=0xeffff720 0x1 0x26228 0x0
Called from [func: _poster_], at 0x8dec, args=0x31498 0x23c670 0x31480 0x23b630
Called from [func: _seconder_], at 0x5e3c, args=0x5 0x28 0x23b680 0x23b6a8
Called from [func: _getmode_], at 0x4884, args=0x340e8 0x34328 0x0 0x0
Called from [func: _MAIN_], at 0x2594, args=0x34134 0x1e29c8 0x34140 0x34124
Called from [func: (null)], at 0xef789c38, args=0x0 0x1 0x1 0x2e000000
Called from [func: start], at 0x2064, args=0x0 0x10 0xeffff994 0x30000
End traceback...
Note: Line numbers for system and library calls may be incorrect 
Begin traceback...
Called from [func: (null)], at 0xef713c4c, args=0x2 0x0 0xef7dea3c 0xef804418
Called from [func: (null)], at 0xef7181c8, args=0x0 0x40125401 0xeffff524 0xfe10a820
Called from [func: (null)], at 0xef7c6e44, args=0x1 0x1 0x0 0xef8068a8
Called from [func: (null)], at 0xef7c6f74, args=0xeffff720 0x1 0x2f11e742 0x0
Called from [func: _poster_], at 0x8dec, args=0x31498 0x23c670 0x31480 0x23b630
Called from [func: _seconder_], at 0x5d8c, args=0x5 0x28 0x23b680 0x23b6a8
Called from [func: _getmode_], at 0x4884, args=0x340e8 0x34328 0x0 0x0
Called from [func: _MAIN_], at 0x2594, args=0x34134 0x1e29c8 0x34140 0x34124
Called from [func: (null)], at 0xef789c38, args=0x0 0x1 0x1 0x2e000000
Called from [func: start], at 0x2064, args=0x0 0x10 0xeffff994 0x30000
End traceback...
Note: Line numbers for system and library calls may be incorrect 
Begin traceback...
Called from [func: (null)], at 0xef713c4c, args=0x2 0x0 0xef7dea3c 0xef804418
Called from [func: (null)], at 0xef714b28, args=0x1 0x241a60 0x46 0x0
Called from [func: (null)], at 0xef7148fc, args=0x33e54 0x82 0xffffffff 0x241a60
Called from [func: (null)], at 0xef7c72a8, args=0xa 0x33e54 0x0 0x46
Called from [func: (null)], at 0xef7c81e0, args=0xa 0x20000000 0x2 0xeffff584
Called from [func: (null)], at 0xef7c7b00, args=0x0 0x0 0x0 0xef7e9db4
Called from [func: _poster_], at 0x8e80, args=0x0 0x239684 0x0 0xef7e9db4
Called from [func: _seconder_], at 0x5e3c, args=0x5 0x28 0x23b680 0x23b6a8
Called from [func: _getmode_], at 0x4884, args=0x340e8 0x34328 0x0 0x0
Called from [func: _MAIN_], at 0x2594, args=0x8 0x20a470 0x20a478 0x34124
Called from [func: (null)], at 0xef789c38, args=0x0 0x1 0x1 0x2e000000
Called from [func: start], at 0x2064, args=0x0 0x10 0xeffff994 0x30000
End traceback...
Note: Line numbers for system and library calls may be incorrect 
Begin traceback...
Called from [func: (null)], at 0xef713c4c, args=0x2 0x0 0xef7dea3c 0xef804418
Called from [func: (null)], at 0xef71cac0, args=0x0 0x2419d0 0x80 0x1
Called from [func: (null)], at 0xef78efc8, args=0x33e40 0xffffffff 0x0 0x0
Called from [func: (null)], at 0xef78f19c, args=0xef78ef3c 0xf0720fb4 0xef78f0f8 0x344
Called from [func: _MAIN_], at 0x22e8, args=0x30e80 0x1 0x3413c 0x4
Called from [func: (null)], at 0xef789c38, args=0x0 0x1 0x1 0x2e000000
Called from [func: start], at 0x2064, args=0x0 0x10 0xeffff994 0x30000
End traceback...
Note: Line numbers for system and library calls may be incorrect 
Begin traceback...
Called from [func: (null)], at 0xef713c4c, args=0x2 0x0 0xef7dea3c 0xef804418
Called from [func: _SVID_libm_err], at 0x2a8bc, args=0x10 0x33b73 0x10 0xeffff58c
Called from [func: _log], at 0x25fa8, args=0x0 0x0 0x0 0x0
Called from [func: _poster_], at 0x89d4, args=0x0 0x0 0x23b6a0 0x20
Called from [func: _firstder_], at 0x5b14, args=0x34134 0x1e29c8 0x20 0x1e29e0
Called from [func: _getmode_], at 0x4870, args=0x34134 0x1e29c8 0x20a4c8 0x1e29c8
Called from [func: _MAIN_], at 0x2594, args=0x34134 0x1e29c8 0x34140 0x34124
Called from [func: (null)], at 0xef789c38, args=0x0 0x1 0x1 0x2e000000
Called from [func: start], at 0x2064, args=0x0 0x10 0xeffff994 0x30000
End traceback...
Note: Line numbers for system and library calls may be incorrect 
Begin traceback...
Called from [func: (null)], at 0xef713c4c, args=0x2 0x0 0xef7dea3c 0xef804418
Called from [func: _SVID_libm_err], at 0x2a71c, args=0x2 0x33b03 0x10 0xeffff584
Called from [func: _log], at 0x25e08, args=0x0 0x0 0x0 0x0
Called from [func: _poster_], at 0x89c4, args=0x0 0x0 0x23c5d0 0x20
Called from [func: _seconder_], at 0x5e3c, args=0x23c5d0 0x1e2958 0x1e2950 0x20
Called from [func: _getmode_], at 0x4884, args=0x34078 0x342c0 0x0 0x0
Called from [func: _MAIN_], at 0x2594, args=0x340c4 0x1e2958 0x340d0 0x340b4
Called from [func: (null)], at 0xef789c38, args=0x0 0x1 0x1 0x2e000000
Called from [func: start], at 0x2064, args=0x0 0x10 0xeffff994 0x30000
End traceback...
Note: Line numbers for system and library calls may be incorrect 
Begin traceback...
Called from [func: (null)], at 0xef713c4c, args=0x2 0x0 0xef7dea3c 0xef804418
Called from [func: (null)], at 0xef714b28, args=0x46 0x2419f0 0x46 0x0
Called from [func: (null)], at 0xef7148fc, args=0x33de4 0x82 0xfffffffe 0x2419f0
Called from [func: (null)], at 0xef7c72a8, args=0xa 0x33de4 0x0 0x46
Called from [func: (null)], at 0xef7c81e0, args=0xa 0x20000000 0x4 0x6
Called from [func: (null)], at 0xef7c7b00, args=0x0 0x0 0x0 0xef7e9db4
Called from [func: _poster_], at 0x8cd8, args=0x0 0x239614 0x0 0xef7e9db4
Called from [func: _seconder_], at 0x5d8c, args=0x23c5b0 0x23c5d8 0x28 0x23c5d8
Called from [func: _getmode_], at 0x4884, args=0x34078 0x342c8 0x0 0x0
Called from [func: _MAIN_], at 0x2594, args=0x340c4 0x1e2958 0x340d0 0x340b4
Called from [func: (null)], at 0xef789c38, args=0x0 0x1 0x1 0x2e000000
Called from [func: start], at 0x2064, args=0x0 0x10 0xeffff994 0x30000
End traceback...
Note: Line numbers for system and library calls may be incorrect 
Begin traceback...
Called from [func: (null)], at 0xef713c4c, args=0x2 0x0 0xef7dea3c 0xef804418
Called from [func: (null)], at 0xef714b28, args=0x1 0x241a28 0x46 0x0
Called from [func: (null)], at 0xef7148fc, args=0x33e1c 0x82 0xfffffffe 0x241a28
Called from [func: (null)], at 0xef7c72a8, args=0xa 0x33e1c 0x0 0x46
Called from [func: (null)], at 0xef7c81e0, args=0xa 0x20000000 0x3 0x5
Called from [func: (null)], at 0xef7c7b00, args=0x0 0x0 0x0 0xef7e9db4
Called from [func: _poster_], at 0x8dcc, args=0x0 0x23964c 0x0 0xef7e9db4
Called from [func: _seconder_], at 0x5d8c, args=0x23c5e8 0x23c610 0x28 0x23c610
Called from [func: _getmode_], at 0x4884, args=0x340b0 0x342e8 0x0 0x0
Called from [func: _MAIN_], at 0x2594, args=0x340fc 0x1e2990 0x34108 0x340ec
Called from [func: (null)], at 0xef789c38, args=0x0 0x1 0x1 0x2e000000
Called from [func: start], at 0x2064, args=0x0 0x10 0xeffff994 0x30000
End traceback...
Note: Line numbers for system and library calls may be incorrect 
Begin traceback...
Called from [func: (null)], at 0xef713c4c, args=0x2 0x0 0xef7dea3c 0xef804418
Called from [func: (null)], at 0x20, args=0x9e 0x23b580 0x23b5a0 0x20
Called from [func: _firstder_], at 0x5b6c, args=0x23c598 0x23c5b8 0x20 0x23c5c0
Called from [func: _getmode_], at 0x4870, args=0x340ac 0x1e2940 0x20a440 0x1e2940
Called from [func: _MAIN_], at 0x2594, args=0x8 0x20a3e8 0x20a3f0 0x3409c
Called from [func: (null)], at 0xef789c38, args=0x0 0x1 0x1 0x2e000000
Called from [func: start], at 0x2064, args=0x0 0x10 0xeffff994 0x30000
End traceback...
Note: Line numbers for system and library calls may be incorrect 
Begin traceback...
Called from [func: (null)], at 0xef713c4c, args=0x2 0x0 0xef7dea3c 0xef804418
Called from [func: (null)], at 0xef7181c8, args=0x0 0x40125401 0xeffff6bc 0x0
Called from [func: (null)], at 0xef7c6e44, args=0x1 0x1 0x23b700 0xef8068a8
Called from [func: (null)], at 0xef7c6f74, args=0xeffff830 0x1 0x43 0x218
Called from [func: _getmode_], at 0x48dc, args=0x313f0 0x34418 0x0 0x0
Called from [func: _MAIN_], at 0x2594, args=0x8 0x20a540 0x20a548 0x341f4
Called from [func: (null)], at 0xef789c38, args=0x0 0x1 0x1 0x2e000000
Called from [func: start], at 0x2064, args=0x0 0x10 0xeffff994 0x30000
End traceback...
Note: Line numbers for system and library calls may be incorrect 
Begin traceback...
Called from [func: (null)], at 0xef713c4c, args=0x2 0x0 0xef7dea3c 0xef804418
Called from [func: _SVID_libm_err], at 0x2a7b4, args=0x2 0x33c5b 0x10 0xeffff584
Called from [func: _log], at 0x25ea0, args=0x0 0x0 0x0 0x0
Called from [func: _poster_], at 0x8a5c, args=0x0 0x0 0x23c728 0x20
Called from [func: _seconder_], at 0x5f2c, args=0x23c728 0x1e2ab0 0x1e2aa8 0x10
Called from [func: _getmode_], at 0x48c4, args=0x3421c 0x1e2ab0 0x34228 0x1e2ab0
Called from [func: _MAIN_], at 0x2594, args=0x3421c 0x1e2ab0 0x34228 0x3420c
Called from [func: (null)], at 0xef789c38, args=0x0 0x1 0x1 0x2e000000
Called from [func: start], at 0x2064, args=0x0 0x10 0xeffff994 0x30000
End traceback...
Note: Line numbers for system and library calls may be incorrect 
Begin traceback...
Called from [func: (null)], at 0xef713c4c, args=0x2 0x0 0xef7dea3c 0xef804418
Called from [func: (null)], at 0xef7181c8, args=0x0 0x40125401 0xeffff594 0xf053791c
Called from [func: (null)], at 0xef7c6e44, args=0x1 0x1 0x0 0xef8068a8
Called from [func: (null)], at 0xef7c6f74, args=0xeffff790 0x1 0x2f11f739 0x0
Called from [func: _poster_], at 0x8c5c, args=0x31440 0x23b598 0x23b5c0 0x28
Called from [func: _getmode_], at 0x4d78, args=0x23c5b0 0x23c5d8 0x28 0x23c5d8
Called from [func: _MAIN_], at 0x2594, args=0x8 0x20a400 0x20a408 0x340b4
Called from [func: (null)], at 0xef789c38, args=0x0 0x1 0x1 0x2e000000
Called from [func: start], at 0x2064, args=0x0 0x10 0xeffff994 0x30000
End traceback...
Note: Line numbers for system and library calls may be incorrect 
Begin traceback...
Called from [func: (null)], at 0xef713c4c, args=0x2 0x0 0xef7dea3c 0xef804418
Called from [func: (null)], at 0xef714b28, args=0x1 0x2419f0 0x46 0x0
Called from [func: (null)], at 0xef7148fc, args=0x33de4 0x82 0xffffffff 0x2419f0
Called from [func: (null)], at 0xef7c72a8, args=0xa 0x33de4 0x0 0x46
Called from [func: (null)], at 0xef7c81e0, args=0xa 0x20000000 0x2 0xeffff58c
Called from [func: (null)], at 0xef7c7b00, args=0x0 0x0 0x0 0xef7e9db4
Called from [func: _poster_], at 0x8d18, args=0x0 0x239614 0x0 0xef7e9db4
Called from [func: _firstder_], at 0x5b6c, args=0x23c5b0 0x23c5d8 0x28 0x23c5d8
Called from [func: _getmode_], at 0x4870, args=0x340c4 0x1e2958 0x20a458 0x1e2958
Called from [func: _MAIN_], at 0x2594, args=0x8 0x20a400 0x20a408 0x340b4
Called from [func: (null)], at 0xef789c38, args=0x0 0x1 0x1 0x2e000000
Called from [func: start], at 0x2064, args=0x0 0x10 0xeffff994 0x30000
End traceback...
Note: Line numbers for system and library calls may be incorrect 
Begin traceback...
Called from [func: (null)], at 0xef713c4c, args=0x2 0x0 0xef7dea3c 0xef804418
Called from [func: (null)], at 0xef714b28, args=0x46 0x2419f0 0x46 0x0
Called from [func: (null)], at 0xef7148fc, args=0x33de4 0x82 0xffffffff 0x2419f0
Called from [func: (null)], at 0xef7c72a8, args=0xa 0x33de4 0x0 0x46
Called from [func: (null)], at 0xef7c81e0, args=0xa 0x20000000 0x2 0xeffff584
Called from [func: (null)], at 0xef7c7b00, args=0x0 0x0 0x0 0xef7e9db4
Called from [func: _poster_], at 0x8d18, args=0x0 0x239614 0x0 0xef7e9db4
Called from [func: _seconder_], at 0x5d8c, args=0x23c5b0 0x23c5d8 0x28 0x23c5d8
Called from [func: _getmode_], at 0x4884, args=0x34078 0x34210 0x0 0x0
Called from [func: _MAIN_], at 0x2594, args=0x8 0x20a400 0x20a408 0x340b4
Called from [func: (null)], at 0xef789c38, args=0x0 0x1 0x1 0x2e000000
Called from [func: start], at 0x2064, args=0x0 0x10 0xeffff994 0x30000
End traceback...
Note: Line numbers for system and library calls may be incorrect 
Begin traceback...
Called from [func: (null)], at 0xef713c4c, args=0x2 0x0 0xef7dea3c 0xef804418
Called from [func: (null)], at 0xef714b28, args=0x1 0x2419e8 0x46 0x0
Called from [func: (null)], at 0xef7148fc, args=0x33de4 0x82 0xffffffff 0x2419e8
Called from [func: (null)], at 0xef7c72a8, args=0xa 0x33de4 0x0 0x46
Called from [func: (null)], at 0xef7c81e0, args=0xa 0x20000000 0x2 0xeffff584
Called from [func: (null)], at 0xef7c7b00, args=0x0 0x0 0x0 0xef7e9db4
Called from [func: _poster_], at 0x8ce8, args=0x0 0x239610 0x0 0xef7e9db4
Called from [func: _seconder_], at 0x5d8c, args=0x23c5a8 0x23c5d0 0x28 0x23c5d0
Called from [func: _getmode_], at 0x4884, args=0x340c4 0x1e2958 0x340d0 0x1e2958
Called from [func: _MAIN_], at 0x2594, args=0x8 0x20a400 0x20a408 0x340b4
Called from [func: (null)], at 0xef789c38, args=0x0 0x1 0x1 0x2e000000
Called from [func: start], at 0x2064, args=0x0 0x10 0xeffff994 0x30000
End traceback...
Note: Line numbers for system and library calls may be incorrect 
Begin traceback...
Called from [func: (null)], at 0xef713c4c, args=0x2 0x0 0xef7dea3c 0xef804418
Called from [func: (null)], at 0xef71cac0, args=0x0 0x90c0d8 0x80 0x1
Called from [func: (null)], at 0xef78efc8, args=0x33e10 0xffffffff 0x0 0x0
Called from [func: (null)], at 0xef78f19c, args=0xef78ef3c 0xf077ffb4 0xef78f0f8 0x344
Called from [func: _MAIN_], at 0x22e8, args=0x30e80 0x1 0x3410c 0x4
Called from [func: (null)], at 0xef789c38, args=0x0 0x1 0x1 0x2e000000
Called from [func: start], at 0x2064, args=0x0 0x10 0xeffff994 0x30000
End traceback...
Note: Line numbers for system and library calls may be incorrect 
Begin traceback...
Called from [func: (null)], at 0xef713c4c, args=0x2 0x0 0xef7dea3c 0xef804418
Called from [func: (null)], at 0xef7181c8, args=0x0 0x40125401 0xeffff524 0x46
Called from [func: (null)], at 0xef7c6e44, args=0x1 0x1 0x2 0xef8068a8
Called from [func: (null)], at 0xef7c6f74, args=0xeffff720 0x1 0x0 0xef7e9db4
Called from [func: _poster_], at 0x8c14, args=0x31420 0x9036d8 0x903700 0x28
Called from [func: _seconder_], at 0x5ec4, args=0x9046f0 0x904718 0x28 0x904718
Called from [func: _getmode_], at 0x48d4, args=0x340a4 0x80c278 0x340b0 0x80c278
Called from [func: _MAIN_], at 0x2594, args=0x8 0x8359e0 0x8359e8 0x34094
Called from [func: (null)], at 0xef789c38, args=0x0 0x1 0x1 0x2e000000
Called from [func: start], at 0x2064, args=0x0 0x10 0xeffff994 0x30000
End traceback...
